<?xml version="1.0" encoding="UTF-8"?>
<testng-results ignored="0" total="187" passed="159" failed="28" skipped="0">
  <reporter-output>
  </reporter-output>
  <suite started-at="2025-03-27T16:29:53 CDT" name="Default suite" finished-at="2025-03-27T16:32:28 CDT" duration-ms="155790">
    <groups>
      <group name="cucumber">
        <method signature="AbstractTestNGCucumberTests.runScenario(io.cucumber.testng.PickleWrapper,io.cucumber.testng.FeatureWrapper)[pri:0, instance:testRunner.TestRunner@581ac8a8]" name="runScenario" class="io.cucumber.testng.AbstractTestNGCucumberTests"/>
      </group> <!-- cucumber -->
    </groups>
    <test started-at="2025-03-27T16:29:53 CDT" name="Default test" finished-at="2025-03-27T16:32:28 CDT" duration-ms="155790">
      <class name="testRunner.TestRunner">
        <test-method is-config="true" signature="setUpClass(org.testng.ITestContext)[pri:0, instance:testRunner.TestRunner@581ac8a8]" started-at="2025-03-27T16:29:53 CDT" name="setUpClass" finished-at="2025-03-27T16:30:02 CDT" duration-ms="9148" status="PASS">
          <params>
            <param index="0">
              <value>
                <![CDATA[org.testng.TestRunner@5fbcc71d]]>
              </value>
            </param>
          </params>
          <reporter-output>
          </reporter-output>
        </test-method> <!-- setUpClass -->
        <test-method signature="runScenario(io.cucumber.testng.PickleWrapper,io.cucumber.testng.FeatureWrapper)[pri:0, instance:testRunner.TestRunner@581ac8a8]" started-at="2025-03-27T16:30:02 CDT" name="runScenario" description="Runs Cucumber Scenarios" data-provider="scenarios" finished-at="2025-03-27T16:30:05 CDT" duration-ms="3275" status="PASS">
          <params>
            <param index="0">
              <value>
                <![CDATA["Login functionality with different values from Tese data"]]>
              </value>
            </param>
            <param index="1">
              <value>
                <![CDATA["Login Functionality"]]>
              </value>
            </param>
          </params>
          <reporter-output>
          </reporter-output>
        </test-method> <!-- runScenario -->
        <test-method signature="runScenario(io.cucumber.testng.PickleWrapper,io.cucumber.testng.FeatureWrapper)[pri:0, instance:testRunner.TestRunner@581ac8a8]" started-at="2025-03-27T16:30:05 CDT" name="runScenario" description="Runs Cucumber Scenarios" data-provider="scenarios" finished-at="2025-03-27T16:30:06 CDT" duration-ms="583" status="PASS">
          <params>
            <param index="0">
              <value>
                <![CDATA["Login functionality with different values from Tese data"]]>
              </value>
            </param>
            <param index="1">
              <value>
                <![CDATA["Login Functionality"]]>
              </value>
            </param>
          </params>
          <reporter-output>
          </reporter-output>
        </test-method> <!-- runScenario -->
        <test-method signature="runScenario(io.cucumber.testng.PickleWrapper,io.cucumber.testng.FeatureWrapper)[pri:0, instance:testRunner.TestRunner@581ac8a8]" started-at="2025-03-27T16:30:06 CDT" name="runScenario" description="Runs Cucumber Scenarios" data-provider="scenarios" finished-at="2025-03-27T16:30:07 CDT" duration-ms="978" status="PASS">
          <params>
            <param index="0">
              <value>
                <![CDATA["Login functionality with different values from Tese data"]]>
              </value>
            </param>
            <param index="1">
              <value>
                <![CDATA["Login Functionality"]]>
              </value>
            </param>
          </params>
          <reporter-output>
          </reporter-output>
        </test-method> <!-- runScenario -->
        <test-method signature="runScenario(io.cucumber.testng.PickleWrapper,io.cucumber.testng.FeatureWrapper)[pri:0, instance:testRunner.TestRunner@581ac8a8]" started-at="2025-03-27T16:30:07 CDT" name="runScenario" description="Runs Cucumber Scenarios" data-provider="scenarios" finished-at="2025-03-27T16:30:07 CDT" duration-ms="648" status="FAIL">
          <params>
            <param index="0">
              <value>
                <![CDATA["Login functionality with different values from Tese data"]]>
              </value>
            </param>
            <param index="1">
              <value>
                <![CDATA["Login Functionality"]]>
              </value>
            </param>
          </params>
          <exception class="java.lang.AssertionError">
            <message>
              <![CDATA[The following asserts failed:
Status code mismatch! expected [404] but found [401]]]>
            </message>
            <full-stacktrace>
              <![CDATA[java.lang.AssertionError: The following asserts failed:
Status code mismatch! expected [404] but found [401]
at org.testng.asserts.SoftAssert.assertAll(SoftAssert.java:46)
at org.testng.asserts.SoftAssert.assertAll(SoftAssert.java:30)
at requestBuilder.CommonRequest.validateStatusCode(CommonRequest.java:70)
at stepDefinitions.LoginandLogout_Step.the_admin_get_invalid_endpoint_response_code_and_message_as_and(LoginandLogout_Step.java:104)
at ✽.The Admin get invalid Endpoint response code and message as "login" and "TC_04_login"(file:///C:/Users/ems11/Desktop/ElamathiProjects/Team04_RestfulRebels_APIPhase2/Team04_RestfulRebels/src/test/resources/features/01Login.feature:8)
]]>
            </full-stacktrace>
          </exception> <!-- java.lang.AssertionError -->
          <reporter-output>
          </reporter-output>
        </test-method> <!-- runScenario -->
        <test-method signature="runScenario(io.cucumber.testng.PickleWrapper,io.cucumber.testng.FeatureWrapper)[pri:0, instance:testRunner.TestRunner@581ac8a8]" started-at="2025-03-27T16:30:07 CDT" name="runScenario" description="Runs Cucumber Scenarios" data-provider="scenarios" finished-at="2025-03-27T16:30:08 CDT" duration-ms="822" status="PASS">
          <params>
            <param index="0">
              <value>
                <![CDATA["Login functionality with different values from Tese data"]]>
              </value>
            </param>
            <param index="1">
              <value>
                <![CDATA["Login Functionality"]]>
              </value>
            </param>
          </params>
          <reporter-output>
          </reporter-output>
        </test-method> <!-- runScenario -->
        <test-method signature="runScenario(io.cucumber.testng.PickleWrapper,io.cucumber.testng.FeatureWrapper)[pri:0, instance:testRunner.TestRunner@581ac8a8]" started-at="2025-03-27T16:30:08 CDT" name="runScenario" description="Runs Cucumber Scenarios" data-provider="scenarios" finished-at="2025-03-27T16:30:09 CDT" duration-ms="918" status="PASS">
          <params>
            <param index="0">
              <value>
                <![CDATA["Login functionality with different values from Tese data"]]>
              </value>
            </param>
            <param index="1">
              <value>
                <![CDATA["Login Functionality"]]>
              </value>
            </param>
          </params>
          <reporter-output>
          </reporter-output>
        </test-method> <!-- runScenario -->
        <test-method signature="runScenario(io.cucumber.testng.PickleWrapper,io.cucumber.testng.FeatureWrapper)[pri:0, instance:testRunner.TestRunner@581ac8a8]" started-at="2025-03-27T16:30:09 CDT" name="runScenario" description="Runs Cucumber Scenarios" data-provider="scenarios" finished-at="2025-03-27T16:30:10 CDT" duration-ms="640" status="PASS">
          <params>
            <param index="0">
              <value>
                <![CDATA["Creating user with different values from Test data"]]>
              </value>
            </param>
            <param index="1">
              <value>
                <![CDATA["Program Module Functionality"]]>
              </value>
            </param>
          </params>
          <reporter-output>
          </reporter-output>
        </test-method> <!-- runScenario -->
        <test-method signature="runScenario(io.cucumber.testng.PickleWrapper,io.cucumber.testng.FeatureWrapper)[pri:0, instance:testRunner.TestRunner@581ac8a8]" started-at="2025-03-27T16:30:10 CDT" name="runScenario" description="Runs Cucumber Scenarios" data-provider="scenarios" finished-at="2025-03-27T16:30:10 CDT" duration-ms="780" status="PASS">
          <params>
            <param index="0">
              <value>
                <![CDATA["Creating user with different values from Test data"]]>
              </value>
            </param>
            <param index="1">
              <value>
                <![CDATA["Program Module Functionality"]]>
              </value>
            </param>
          </params>
          <reporter-output>
          </reporter-output>
        </test-method> <!-- runScenario -->
        <test-method signature="runScenario(io.cucumber.testng.PickleWrapper,io.cucumber.testng.FeatureWrapper)[pri:0, instance:testRunner.TestRunner@581ac8a8]" started-at="2025-03-27T16:30:10 CDT" name="runScenario" description="Runs Cucumber Scenarios" data-provider="scenarios" finished-at="2025-03-27T16:30:11 CDT" duration-ms="828" status="PASS">
          <params>
            <param index="0">
              <value>
                <![CDATA["Creating user with different values from Test data"]]>
              </value>
            </param>
            <param index="1">
              <value>
                <![CDATA["Program Module Functionality"]]>
              </value>
            </param>
          </params>
          <reporter-output>
          </reporter-output>
        </test-method> <!-- runScenario -->
        <test-method signature="runScenario(io.cucumber.testng.PickleWrapper,io.cucumber.testng.FeatureWrapper)[pri:0, instance:testRunner.TestRunner@581ac8a8]" started-at="2025-03-27T16:30:11 CDT" name="runScenario" description="Runs Cucumber Scenarios" data-provider="scenarios" finished-at="2025-03-27T16:30:12 CDT" duration-ms="601" status="PASS">
          <params>
            <param index="0">
              <value>
                <![CDATA["Creating user with different values from Test data"]]>
              </value>
            </param>
            <param index="1">
              <value>
                <![CDATA["Program Module Functionality"]]>
              </value>
            </param>
          </params>
          <reporter-output>
          </reporter-output>
        </test-method> <!-- runScenario -->
        <test-method signature="runScenario(io.cucumber.testng.PickleWrapper,io.cucumber.testng.FeatureWrapper)[pri:0, instance:testRunner.TestRunner@581ac8a8]" started-at="2025-03-27T16:30:12 CDT" name="runScenario" description="Runs Cucumber Scenarios" data-provider="scenarios" finished-at="2025-03-27T16:30:13 CDT" duration-ms="730" status="PASS">
          <params>
            <param index="0">
              <value>
                <![CDATA["Creating user with different values from Test data"]]>
              </value>
            </param>
            <param index="1">
              <value>
                <![CDATA["Program Module Functionality"]]>
              </value>
            </param>
          </params>
          <reporter-output>
          </reporter-output>
        </test-method> <!-- runScenario -->
        <test-method signature="runScenario(io.cucumber.testng.PickleWrapper,io.cucumber.testng.FeatureWrapper)[pri:0, instance:testRunner.TestRunner@581ac8a8]" started-at="2025-03-27T16:30:13 CDT" name="runScenario" description="Runs Cucumber Scenarios" data-provider="scenarios" finished-at="2025-03-27T16:30:13 CDT" duration-ms="721" status="PASS">
          <params>
            <param index="0">
              <value>
                <![CDATA["Creating user with different values from Test data"]]>
              </value>
            </param>
            <param index="1">
              <value>
                <![CDATA["Program Module Functionality"]]>
              </value>
            </param>
          </params>
          <reporter-output>
          </reporter-output>
        </test-method> <!-- runScenario -->
        <test-method signature="runScenario(io.cucumber.testng.PickleWrapper,io.cucumber.testng.FeatureWrapper)[pri:0, instance:testRunner.TestRunner@581ac8a8]" started-at="2025-03-27T16:30:13 CDT" name="runScenario" description="Runs Cucumber Scenarios" data-provider="scenarios" finished-at="2025-03-27T16:30:14 CDT" duration-ms="815" status="FAIL">
          <params>
            <param index="0">
              <value>
                <![CDATA["Creating user with different values from Test data"]]>
              </value>
            </param>
            <param index="1">
              <value>
                <![CDATA["Program Module Functionality"]]>
              </value>
            </param>
          </params>
          <exception class="java.lang.AssertionError">
            <message>
              <![CDATA[The following asserts failed:
Status code mismatch! expected [201] but found [400]]]>
            </message>
            <full-stacktrace>
              <![CDATA[java.lang.AssertionError: The following asserts failed:
Status code mismatch! expected [201] but found [400]
at org.testng.asserts.SoftAssert.assertAll(SoftAssert.java:46)
at org.testng.asserts.SoftAssert.assertAll(SoftAssert.java:30)
at requestBuilder.CommonRequest.validateStatusCode(CommonRequest.java:70)
at stepDefinitions.Program_Step.the_admin_get_missing_additional_field_response_code_and_message_as_and_for_program(Program_Step.java:167)
at ✽.The Admin get missingAdditionalField response code and message as "program" and "TC_07_post_program" for Program(file:///C:/Users/ems11/Desktop/ElamathiProjects/Team04_RestfulRebels_APIPhase2/Team04_RestfulRebels/src/test/resources/features/02Program.feature:11)
]]>
            </full-stacktrace>
          </exception> <!-- java.lang.AssertionError -->
          <reporter-output>
          </reporter-output>
        </test-method> <!-- runScenario -->
        <test-method signature="runScenario(io.cucumber.testng.PickleWrapper,io.cucumber.testng.FeatureWrapper)[pri:0, instance:testRunner.TestRunner@581ac8a8]" started-at="2025-03-27T16:30:14 CDT" name="runScenario" description="Runs Cucumber Scenarios" data-provider="scenarios" finished-at="2025-03-27T16:30:15 CDT" duration-ms="809" status="PASS">
          <params>
            <param index="0">
              <value>
                <![CDATA["Creating user with different values from Test data"]]>
              </value>
            </param>
            <param index="1">
              <value>
                <![CDATA["Program Module Functionality"]]>
              </value>
            </param>
          </params>
          <reporter-output>
          </reporter-output>
        </test-method> <!-- runScenario -->
        <test-method signature="runScenario(io.cucumber.testng.PickleWrapper,io.cucumber.testng.FeatureWrapper)[pri:0, instance:testRunner.TestRunner@581ac8a8]" started-at="2025-03-27T16:30:15 CDT" name="runScenario" description="Runs Cucumber Scenarios" data-provider="scenarios" finished-at="2025-03-27T16:30:16 CDT" duration-ms="814" status="FAIL">
          <params>
            <param index="0">
              <value>
                <![CDATA["Put Requests with different endpoints for Program"]]>
              </value>
            </param>
            <param index="1">
              <value>
                <![CDATA["Program Module Functionality"]]>
              </value>
            </param>
          </params>
          <exception class="java.lang.AssertionError">
            <message>
              <![CDATA[The following asserts failed:
Status code mismatch! expected [200] but found [400]]]>
            </message>
            <full-stacktrace>
              <![CDATA[java.lang.AssertionError: The following asserts failed:
Status code mismatch! expected [200] but found [400]
at org.testng.asserts.SoftAssert.assertAll(SoftAssert.java:46)
at org.testng.asserts.SoftAssert.assertAll(SoftAssert.java:30)
at requestBuilder.CommonRequest.validateStatusCode(CommonRequest.java:70)
at stepDefinitions.Program_Step.the_admin_get_valid_update_program_byprogram_id_response_code_and_message_as_and_for_update_program(Program_Step.java:485)
at ✽.The Admin get valid update program byprogramId response code and message as "program" and "TC_01_put_program" for update Program(file:///C:/Users/ems11/Desktop/ElamathiProjects/Team04_RestfulRebels_APIPhase2/Team04_RestfulRebels/src/test/resources/features/02Program.feature:28)
]]>
            </full-stacktrace>
          </exception> <!-- java.lang.AssertionError -->
          <reporter-output>
          </reporter-output>
        </test-method> <!-- runScenario -->
        <test-method signature="runScenario(io.cucumber.testng.PickleWrapper,io.cucumber.testng.FeatureWrapper)[pri:0, instance:testRunner.TestRunner@581ac8a8]" started-at="2025-03-27T16:30:16 CDT" name="runScenario" description="Runs Cucumber Scenarios" data-provider="scenarios" finished-at="2025-03-27T16:30:16 CDT" duration-ms="517" status="PASS">
          <params>
            <param index="0">
              <value>
                <![CDATA["Put Requests with different endpoints for Program"]]>
              </value>
            </param>
            <param index="1">
              <value>
                <![CDATA["Program Module Functionality"]]>
              </value>
            </param>
          </params>
          <reporter-output>
          </reporter-output>
        </test-method> <!-- runScenario -->
        <test-method signature="runScenario(io.cucumber.testng.PickleWrapper,io.cucumber.testng.FeatureWrapper)[pri:0, instance:testRunner.TestRunner@581ac8a8]" started-at="2025-03-27T16:30:16 CDT" name="runScenario" description="Runs Cucumber Scenarios" data-provider="scenarios" finished-at="2025-03-27T16:30:17 CDT" duration-ms="606" status="FAIL">
          <params>
            <param index="0">
              <value>
                <![CDATA["Put Requests with different endpoints for Program"]]>
              </value>
            </param>
            <param index="1">
              <value>
                <![CDATA["Program Module Functionality"]]>
              </value>
            </param>
          </params>
          <exception class="java.lang.AssertionError">
            <message>
              <![CDATA[The following asserts failed:
Status code mismatch! expected [400] but found [401]]]>
            </message>
            <full-stacktrace>
              <![CDATA[java.lang.AssertionError: The following asserts failed:
Status code mismatch! expected [400] but found [401]
at org.testng.asserts.SoftAssert.assertAll(SoftAssert.java:46)
at org.testng.asserts.SoftAssert.assertAll(SoftAssert.java:30)
at requestBuilder.CommonRequest.validateStatusCode(CommonRequest.java:70)
at stepDefinitions.Program_Step.the_admin_get_update_by_invalid_postbody_response_code_and_message_as_and_for_update_program(Program_Step.java:523)
at ✽.The Admin get update by invalid Postbody response code and message as "program" and "TC_03_put_program" for update Program(file:///C:/Users/ems11/Desktop/ElamathiProjects/Team04_RestfulRebels_APIPhase2/Team04_RestfulRebels/src/test/resources/features/02Program.feature:28)
]]>
            </full-stacktrace>
          </exception> <!-- java.lang.AssertionError -->
          <reporter-output>
          </reporter-output>
        </test-method> <!-- runScenario -->
        <test-method signature="runScenario(io.cucumber.testng.PickleWrapper,io.cucumber.testng.FeatureWrapper)[pri:0, instance:testRunner.TestRunner@581ac8a8]" started-at="2025-03-27T16:30:17 CDT" name="runScenario" description="Runs Cucumber Scenarios" data-provider="scenarios" finished-at="2025-03-27T16:30:18 CDT" duration-ms="817" status="FAIL">
          <params>
            <param index="0">
              <value>
                <![CDATA["Put Requests with different endpoints for Program"]]>
              </value>
            </param>
            <param index="1">
              <value>
                <![CDATA["Program Module Functionality"]]>
              </value>
            </param>
          </params>
          <exception class="java.lang.AssertionError">
            <message>
              <![CDATA[The following asserts failed:
Status code mismatch! expected [400] but found [401]]]>
            </message>
            <full-stacktrace>
              <![CDATA[java.lang.AssertionError: The following asserts failed:
Status code mismatch! expected [400] but found [401]
at org.testng.asserts.SoftAssert.assertAll(SoftAssert.java:46)
at org.testng.asserts.SoftAssert.assertAll(SoftAssert.java:30)
at requestBuilder.CommonRequest.validateStatusCode(CommonRequest.java:70)
at stepDefinitions.Program_Step.the_admin_get_update_by_without_payload_response_code_and_message_as_and_for_update_program(Program_Step.java:540)
at ✽.The Admin get update by without payload response code and message as "program" and "TC_04_put_program" for update Program(file:///C:/Users/ems11/Desktop/ElamathiProjects/Team04_RestfulRebels_APIPhase2/Team04_RestfulRebels/src/test/resources/features/02Program.feature:28)
]]>
            </full-stacktrace>
          </exception> <!-- java.lang.AssertionError -->
          <reporter-output>
          </reporter-output>
        </test-method> <!-- runScenario -->
        <test-method signature="runScenario(io.cucumber.testng.PickleWrapper,io.cucumber.testng.FeatureWrapper)[pri:0, instance:testRunner.TestRunner@581ac8a8]" started-at="2025-03-27T16:30:18 CDT" name="runScenario" description="Runs Cucumber Scenarios" data-provider="scenarios" finished-at="2025-03-27T16:30:19 CDT" duration-ms="918" status="PASS">
          <params>
            <param index="0">
              <value>
                <![CDATA["Put Requests with different endpoints for Program"]]>
              </value>
            </param>
            <param index="1">
              <value>
                <![CDATA["Program Module Functionality"]]>
              </value>
            </param>
          </params>
          <reporter-output>
          </reporter-output>
        </test-method> <!-- runScenario -->
        <test-method signature="runScenario(io.cucumber.testng.PickleWrapper,io.cucumber.testng.FeatureWrapper)[pri:0, instance:testRunner.TestRunner@581ac8a8]" started-at="2025-03-27T16:30:19 CDT" name="runScenario" description="Runs Cucumber Scenarios" data-provider="scenarios" finished-at="2025-03-27T16:30:19 CDT" duration-ms="815" status="PASS">
          <params>
            <param index="0">
              <value>
                <![CDATA["Put Requests with different endpoints for Program"]]>
              </value>
            </param>
            <param index="1">
              <value>
                <![CDATA["Program Module Functionality"]]>
              </value>
            </param>
          </params>
          <reporter-output>
          </reporter-output>
        </test-method> <!-- runScenario -->
        <test-method signature="runScenario(io.cucumber.testng.PickleWrapper,io.cucumber.testng.FeatureWrapper)[pri:0, instance:testRunner.TestRunner@581ac8a8]" started-at="2025-03-27T16:30:19 CDT" name="runScenario" description="Runs Cucumber Scenarios" data-provider="scenarios" finished-at="2025-03-27T16:30:20 CDT" duration-ms="715" status="PASS">
          <params>
            <param index="0">
              <value>
                <![CDATA["Put Requests with different endpoints for Program"]]>
              </value>
            </param>
            <param index="1">
              <value>
                <![CDATA["Program Module Functionality"]]>
              </value>
            </param>
          </params>
          <reporter-output>
          </reporter-output>
        </test-method> <!-- runScenario -->
        <test-method signature="runScenario(io.cucumber.testng.PickleWrapper,io.cucumber.testng.FeatureWrapper)[pri:0, instance:testRunner.TestRunner@581ac8a8]" started-at="2025-03-27T16:30:20 CDT" name="runScenario" description="Runs Cucumber Scenarios" data-provider="scenarios" finished-at="2025-03-27T16:30:21 CDT" duration-ms="721" status="PASS">
          <params>
            <param index="0">
              <value>
                <![CDATA["Put Requests with different endpoints for Program"]]>
              </value>
            </param>
            <param index="1">
              <value>
                <![CDATA["Program Module Functionality"]]>
              </value>
            </param>
          </params>
          <reporter-output>
          </reporter-output>
        </test-method> <!-- runScenario -->
        <test-method signature="runScenario(io.cucumber.testng.PickleWrapper,io.cucumber.testng.FeatureWrapper)[pri:0, instance:testRunner.TestRunner@581ac8a8]" started-at="2025-03-27T16:30:21 CDT" name="runScenario" description="Runs Cucumber Scenarios" data-provider="scenarios" finished-at="2025-03-27T16:30:22 CDT" duration-ms="610" status="PASS">
          <params>
            <param index="0">
              <value>
                <![CDATA["Put Requests with different endpoints for Program"]]>
              </value>
            </param>
            <param index="1">
              <value>
                <![CDATA["Program Module Functionality"]]>
              </value>
            </param>
          </params>
          <reporter-output>
          </reporter-output>
        </test-method> <!-- runScenario -->
        <test-method signature="runScenario(io.cucumber.testng.PickleWrapper,io.cucumber.testng.FeatureWrapper)[pri:0, instance:testRunner.TestRunner@581ac8a8]" started-at="2025-03-27T16:30:22 CDT" name="runScenario" description="Runs Cucumber Scenarios" data-provider="scenarios" finished-at="2025-03-27T16:30:22 CDT" duration-ms="507" status="PASS">
          <params>
            <param index="0">
              <value>
                <![CDATA["Put Requests with different endpoints for Program"]]>
              </value>
            </param>
            <param index="1">
              <value>
                <![CDATA["Program Module Functionality"]]>
              </value>
            </param>
          </params>
          <reporter-output>
          </reporter-output>
        </test-method> <!-- runScenario -->
        <test-method signature="runScenario(io.cucumber.testng.PickleWrapper,io.cucumber.testng.FeatureWrapper)[pri:0, instance:testRunner.TestRunner@581ac8a8]" started-at="2025-03-27T16:30:22 CDT" name="runScenario" description="Runs Cucumber Scenarios" data-provider="scenarios" finished-at="2025-03-27T16:30:22 CDT" duration-ms="432" status="PASS">
          <params>
            <param index="0">
              <value>
                <![CDATA["Put Requests with different endpoints for Program"]]>
              </value>
            </param>
            <param index="1">
              <value>
                <![CDATA["Program Module Functionality"]]>
              </value>
            </param>
          </params>
          <reporter-output>
          </reporter-output>
        </test-method> <!-- runScenario -->
        <test-method signature="runScenario(io.cucumber.testng.PickleWrapper,io.cucumber.testng.FeatureWrapper)[pri:0, instance:testRunner.TestRunner@581ac8a8]" started-at="2025-03-27T16:30:22 CDT" name="runScenario" description="Runs Cucumber Scenarios" data-provider="scenarios" finished-at="2025-03-27T16:30:23 CDT" duration-ms="341" status="PASS">
          <params>
            <param index="0">
              <value>
                <![CDATA["Put Requests with different endpoints for Program"]]>
              </value>
            </param>
            <param index="1">
              <value>
                <![CDATA["Program Module Functionality"]]>
              </value>
            </param>
          </params>
          <reporter-output>
          </reporter-output>
        </test-method> <!-- runScenario -->
        <test-method signature="runScenario(io.cucumber.testng.PickleWrapper,io.cucumber.testng.FeatureWrapper)[pri:0, instance:testRunner.TestRunner@581ac8a8]" started-at="2025-03-27T16:30:23 CDT" name="runScenario" description="Runs Cucumber Scenarios" data-provider="scenarios" finished-at="2025-03-27T16:30:23 CDT" duration-ms="522" status="PASS">
          <params>
            <param index="0">
              <value>
                <![CDATA["Put Requests with different endpoints for Program"]]>
              </value>
            </param>
            <param index="1">
              <value>
                <![CDATA["Program Module Functionality"]]>
              </value>
            </param>
          </params>
          <reporter-output>
          </reporter-output>
        </test-method> <!-- runScenario -->
        <test-method signature="runScenario(io.cucumber.testng.PickleWrapper,io.cucumber.testng.FeatureWrapper)[pri:0, instance:testRunner.TestRunner@581ac8a8]" started-at="2025-03-27T16:30:23 CDT" name="runScenario" description="Runs Cucumber Scenarios" data-provider="scenarios" finished-at="2025-03-27T16:30:24 CDT" duration-ms="912" status="PASS">
          <params>
            <param index="0">
              <value>
                <![CDATA["Get Requests with different endpoints for Program valid"]]>
              </value>
            </param>
            <param index="1">
              <value>
                <![CDATA["Program Module Functionality"]]>
              </value>
            </param>
          </params>
          <reporter-output>
          </reporter-output>
        </test-method> <!-- runScenario -->
        <test-method signature="runScenario(io.cucumber.testng.PickleWrapper,io.cucumber.testng.FeatureWrapper)[pri:0, instance:testRunner.TestRunner@581ac8a8]" started-at="2025-03-27T16:30:24 CDT" name="runScenario" description="Runs Cucumber Scenarios" data-provider="scenarios" finished-at="2025-03-27T16:30:25 CDT" duration-ms="1055" status="PASS">
          <params>
            <param index="0">
              <value>
                <![CDATA["Get Requests with different endpoints for Program valid"]]>
              </value>
            </param>
            <param index="1">
              <value>
                <![CDATA["Program Module Functionality"]]>
              </value>
            </param>
          </params>
          <reporter-output>
          </reporter-output>
        </test-method> <!-- runScenario -->
        <test-method signature="runScenario(io.cucumber.testng.PickleWrapper,io.cucumber.testng.FeatureWrapper)[pri:0, instance:testRunner.TestRunner@581ac8a8]" started-at="2025-03-27T16:30:25 CDT" name="runScenario" description="Runs Cucumber Scenarios" data-provider="scenarios" finished-at="2025-03-27T16:30:26 CDT" duration-ms="364" status="PASS">
          <params>
            <param index="0">
              <value>
                <![CDATA["Get Requests with different endpoints for Program valid"]]>
              </value>
            </param>
            <param index="1">
              <value>
                <![CDATA["Program Module Functionality"]]>
              </value>
            </param>
          </params>
          <reporter-output>
          </reporter-output>
        </test-method> <!-- runScenario -->
        <test-method signature="runScenario(io.cucumber.testng.PickleWrapper,io.cucumber.testng.FeatureWrapper)[pri:0, instance:testRunner.TestRunner@581ac8a8]" started-at="2025-03-27T16:30:26 CDT" name="runScenario" description="Runs Cucumber Scenarios" data-provider="scenarios" finished-at="2025-03-27T16:30:26 CDT" duration-ms="525" status="PASS">
          <params>
            <param index="0">
              <value>
                <![CDATA["Get Requests with different endpoints for Program invalid"]]>
              </value>
            </param>
            <param index="1">
              <value>
                <![CDATA["Program Module Functionality"]]>
              </value>
            </param>
          </params>
          <reporter-output>
          </reporter-output>
        </test-method> <!-- runScenario -->
        <test-method signature="runScenario(io.cucumber.testng.PickleWrapper,io.cucumber.testng.FeatureWrapper)[pri:0, instance:testRunner.TestRunner@581ac8a8]" started-at="2025-03-27T16:30:26 CDT" name="runScenario" description="Runs Cucumber Scenarios" data-provider="scenarios" finished-at="2025-03-27T16:30:27 CDT" duration-ms="527" status="PASS">
          <params>
            <param index="0">
              <value>
                <![CDATA["Get Requests with different endpoints for Program invalid"]]>
              </value>
            </param>
            <param index="1">
              <value>
                <![CDATA["Program Module Functionality"]]>
              </value>
            </param>
          </params>
          <reporter-output>
          </reporter-output>
        </test-method> <!-- runScenario -->
        <test-method signature="runScenario(io.cucumber.testng.PickleWrapper,io.cucumber.testng.FeatureWrapper)[pri:0, instance:testRunner.TestRunner@581ac8a8]" started-at="2025-03-27T16:30:27 CDT" name="runScenario" description="Runs Cucumber Scenarios" data-provider="scenarios" finished-at="2025-03-27T16:30:27 CDT" duration-ms="639" status="PASS">
          <params>
            <param index="0">
              <value>
                <![CDATA["Get Requests with different endpoints for Program invalid"]]>
              </value>
            </param>
            <param index="1">
              <value>
                <![CDATA["Program Module Functionality"]]>
              </value>
            </param>
          </params>
          <reporter-output>
          </reporter-output>
        </test-method> <!-- runScenario -->
        <test-method signature="runScenario(io.cucumber.testng.PickleWrapper,io.cucumber.testng.FeatureWrapper)[pri:0, instance:testRunner.TestRunner@581ac8a8]" started-at="2025-03-27T16:30:27 CDT" name="runScenario" description="Runs Cucumber Scenarios" data-provider="scenarios" finished-at="2025-03-27T16:30:28 CDT" duration-ms="365" status="PASS">
          <params>
            <param index="0">
              <value>
                <![CDATA["Get Requests with different endpoints for Program invalid"]]>
              </value>
            </param>
            <param index="1">
              <value>
                <![CDATA["Program Module Functionality"]]>
              </value>
            </param>
          </params>
          <reporter-output>
          </reporter-output>
        </test-method> <!-- runScenario -->
        <test-method signature="runScenario(io.cucumber.testng.PickleWrapper,io.cucumber.testng.FeatureWrapper)[pri:0, instance:testRunner.TestRunner@581ac8a8]" started-at="2025-03-27T16:30:28 CDT" name="runScenario" description="Runs Cucumber Scenarios" data-provider="scenarios" finished-at="2025-03-27T16:30:28 CDT" duration-ms="470" status="PASS">
          <params>
            <param index="0">
              <value>
                <![CDATA["Get Requests with different endpoints for Program invalid"]]>
              </value>
            </param>
            <param index="1">
              <value>
                <![CDATA["Program Module Functionality"]]>
              </value>
            </param>
          </params>
          <reporter-output>
          </reporter-output>
        </test-method> <!-- runScenario -->
        <test-method signature="runScenario(io.cucumber.testng.PickleWrapper,io.cucumber.testng.FeatureWrapper)[pri:0, instance:testRunner.TestRunner@581ac8a8]" started-at="2025-03-27T16:30:28 CDT" name="runScenario" description="Runs Cucumber Scenarios" data-provider="scenarios" finished-at="2025-03-27T16:30:29 CDT" duration-ms="475" status="PASS">
          <params>
            <param index="0">
              <value>
                <![CDATA["Get Requests with different endpoints for Program invalid"]]>
              </value>
            </param>
            <param index="1">
              <value>
                <![CDATA["Program Module Functionality"]]>
              </value>
            </param>
          </params>
          <reporter-output>
          </reporter-output>
        </test-method> <!-- runScenario -->
        <test-method signature="runScenario(io.cucumber.testng.PickleWrapper,io.cucumber.testng.FeatureWrapper)[pri:0, instance:testRunner.TestRunner@581ac8a8]" started-at="2025-03-27T16:30:29 CDT" name="runScenario" description="Runs Cucumber Scenarios" data-provider="scenarios" finished-at="2025-03-27T16:30:29 CDT" duration-ms="402" status="PASS">
          <params>
            <param index="0">
              <value>
                <![CDATA["Creating batch with different values from Test data"]]>
              </value>
            </param>
            <param index="1">
              <value>
                <![CDATA["Batch Module Functionality"]]>
              </value>
            </param>
          </params>
          <reporter-output>
          </reporter-output>
        </test-method> <!-- runScenario -->
        <test-method signature="runScenario(io.cucumber.testng.PickleWrapper,io.cucumber.testng.FeatureWrapper)[pri:0, instance:testRunner.TestRunner@581ac8a8]" started-at="2025-03-27T16:30:29 CDT" name="runScenario" description="Runs Cucumber Scenarios" data-provider="scenarios" finished-at="2025-03-27T16:30:30 CDT" duration-ms="486" status="FAIL">
          <params>
            <param index="0">
              <value>
                <![CDATA["Creating batch with different values from Test data"]]>
              </value>
            </param>
            <param index="1">
              <value>
                <![CDATA["Batch Module Functionality"]]>
              </value>
            </param>
          </params>
          <exception class="java.lang.AssertionError">
            <message>
              <![CDATA[The following asserts failed:
Status code mismatch! expected [400] but found [201]]]>
            </message>
            <full-stacktrace>
              <![CDATA[java.lang.AssertionError: The following asserts failed:
Status code mismatch! expected [400] but found [201]
at org.testng.asserts.SoftAssert.assertAll(SoftAssert.java:46)
at org.testng.asserts.SoftAssert.assertAll(SoftAssert.java:30)
at requestBuilder.CommonRequest.validateStatusCode(CommonRequest.java:70)
at stepDefinitions.Batch_Step.the_admin_get_batch_existingbatchname_response_code_and_message_as_and(Batch_Step.java:68)
at ✽.The Admin get Batch  existingbatchname response code and message as "batch" and "TC_02_batch"(file:///C:/Users/ems11/Desktop/ElamathiProjects/Team04_RestfulRebels_APIPhase2/Team04_RestfulRebels/src/test/resources/features/03Batch.feature:11)
]]>
            </full-stacktrace>
          </exception> <!-- java.lang.AssertionError -->
          <reporter-output>
          </reporter-output>
        </test-method> <!-- runScenario -->
        <test-method signature="runScenario(io.cucumber.testng.PickleWrapper,io.cucumber.testng.FeatureWrapper)[pri:0, instance:testRunner.TestRunner@581ac8a8]" started-at="2025-03-27T16:30:30 CDT" name="runScenario" description="Runs Cucumber Scenarios" data-provider="scenarios" finished-at="2025-03-27T16:30:30 CDT" duration-ms="360" status="PASS">
          <params>
            <param index="0">
              <value>
                <![CDATA["Creating batch with different values from Test data"]]>
              </value>
            </param>
            <param index="1">
              <value>
                <![CDATA["Batch Module Functionality"]]>
              </value>
            </param>
          </params>
          <reporter-output>
          </reporter-output>
        </test-method> <!-- runScenario -->
        <test-method signature="runScenario(io.cucumber.testng.PickleWrapper,io.cucumber.testng.FeatureWrapper)[pri:0, instance:testRunner.TestRunner@581ac8a8]" started-at="2025-03-27T16:30:30 CDT" name="runScenario" description="Runs Cucumber Scenarios" data-provider="scenarios" finished-at="2025-03-27T16:30:30 CDT" duration-ms="316" status="PASS">
          <params>
            <param index="0">
              <value>
                <![CDATA["Creating batch with different values from Test data"]]>
              </value>
            </param>
            <param index="1">
              <value>
                <![CDATA["Batch Module Functionality"]]>
              </value>
            </param>
          </params>
          <reporter-output>
          </reporter-output>
        </test-method> <!-- runScenario -->
        <test-method signature="runScenario(io.cucumber.testng.PickleWrapper,io.cucumber.testng.FeatureWrapper)[pri:0, instance:testRunner.TestRunner@581ac8a8]" started-at="2025-03-27T16:30:30 CDT" name="runScenario" description="Runs Cucumber Scenarios" data-provider="scenarios" finished-at="2025-03-27T16:30:31 CDT" duration-ms="353" status="PASS">
          <params>
            <param index="0">
              <value>
                <![CDATA["Creating batch with different values from Test data"]]>
              </value>
            </param>
            <param index="1">
              <value>
                <![CDATA["Batch Module Functionality"]]>
              </value>
            </param>
          </params>
          <reporter-output>
          </reporter-output>
        </test-method> <!-- runScenario -->
        <test-method signature="runScenario(io.cucumber.testng.PickleWrapper,io.cucumber.testng.FeatureWrapper)[pri:0, instance:testRunner.TestRunner@581ac8a8]" started-at="2025-03-27T16:30:31 CDT" name="runScenario" description="Runs Cucumber Scenarios" data-provider="scenarios" finished-at="2025-03-27T16:30:31 CDT" duration-ms="292" status="PASS">
          <params>
            <param index="0">
              <value>
                <![CDATA["Creating batch with different values from Test data"]]>
              </value>
            </param>
            <param index="1">
              <value>
                <![CDATA["Batch Module Functionality"]]>
              </value>
            </param>
          </params>
          <reporter-output>
          </reporter-output>
        </test-method> <!-- runScenario -->
        <test-method signature="runScenario(io.cucumber.testng.PickleWrapper,io.cucumber.testng.FeatureWrapper)[pri:0, instance:testRunner.TestRunner@581ac8a8]" started-at="2025-03-27T16:30:31 CDT" name="runScenario" description="Runs Cucumber Scenarios" data-provider="scenarios" finished-at="2025-03-27T16:30:31 CDT" duration-ms="524" status="PASS">
          <params>
            <param index="0">
              <value>
                <![CDATA["Creating batch with different values from Test data"]]>
              </value>
            </param>
            <param index="1">
              <value>
                <![CDATA["Batch Module Functionality"]]>
              </value>
            </param>
          </params>
          <reporter-output>
          </reporter-output>
        </test-method> <!-- runScenario -->
        <test-method signature="runScenario(io.cucumber.testng.PickleWrapper,io.cucumber.testng.FeatureWrapper)[pri:0, instance:testRunner.TestRunner@581ac8a8]" started-at="2025-03-27T16:30:31 CDT" name="runScenario" description="Runs Cucumber Scenarios" data-provider="scenarios" finished-at="2025-03-27T16:30:38 CDT" duration-ms="6515" status="PASS">
          <params>
            <param index="0">
              <value>
                <![CDATA["Get all batches from the database"]]>
              </value>
            </param>
            <param index="1">
              <value>
                <![CDATA["Batch Module Functionality"]]>
              </value>
            </param>
          </params>
          <reporter-output>
          </reporter-output>
        </test-method> <!-- runScenario -->
        <test-method signature="runScenario(io.cucumber.testng.PickleWrapper,io.cucumber.testng.FeatureWrapper)[pri:0, instance:testRunner.TestRunner@581ac8a8]" started-at="2025-03-27T16:30:38 CDT" name="runScenario" description="Runs Cucumber Scenarios" data-provider="scenarios" finished-at="2025-03-27T16:30:38 CDT" duration-ms="551" status="PASS">
          <params>
            <param index="0">
              <value>
                <![CDATA["Get all batches from the database"]]>
              </value>
            </param>
            <param index="1">
              <value>
                <![CDATA["Batch Module Functionality"]]>
              </value>
            </param>
          </params>
          <reporter-output>
          </reporter-output>
        </test-method> <!-- runScenario -->
        <test-method signature="runScenario(io.cucumber.testng.PickleWrapper,io.cucumber.testng.FeatureWrapper)[pri:0, instance:testRunner.TestRunner@581ac8a8]" started-at="2025-03-27T16:30:38 CDT" name="runScenario" description="Runs Cucumber Scenarios" data-provider="scenarios" finished-at="2025-03-27T16:30:39 CDT" duration-ms="934" status="PASS">
          <params>
            <param index="0">
              <value>
                <![CDATA["Get all batches from the database"]]>
              </value>
            </param>
            <param index="1">
              <value>
                <![CDATA["Batch Module Functionality"]]>
              </value>
            </param>
          </params>
          <reporter-output>
          </reporter-output>
        </test-method> <!-- runScenario -->
        <test-method signature="runScenario(io.cucumber.testng.PickleWrapper,io.cucumber.testng.FeatureWrapper)[pri:0, instance:testRunner.TestRunner@581ac8a8]" started-at="2025-03-27T16:30:39 CDT" name="runScenario" description="Runs Cucumber Scenarios" data-provider="scenarios" finished-at="2025-03-27T16:30:40 CDT" duration-ms="328" status="PASS">
          <params>
            <param index="0">
              <value>
                <![CDATA["Get all batches by Batchid"]]>
              </value>
            </param>
            <param index="1">
              <value>
                <![CDATA["Batch Module Functionality"]]>
              </value>
            </param>
          </params>
          <reporter-output>
          </reporter-output>
        </test-method> <!-- runScenario -->
        <test-method signature="runScenario(io.cucumber.testng.PickleWrapper,io.cucumber.testng.FeatureWrapper)[pri:0, instance:testRunner.TestRunner@581ac8a8]" started-at="2025-03-27T16:30:40 CDT" name="runScenario" description="Runs Cucumber Scenarios" data-provider="scenarios" finished-at="2025-03-27T16:30:40 CDT" duration-ms="322" status="PASS">
          <params>
            <param index="0">
              <value>
                <![CDATA["Get all batches by Batchid"]]>
              </value>
            </param>
            <param index="1">
              <value>
                <![CDATA["Batch Module Functionality"]]>
              </value>
            </param>
          </params>
          <reporter-output>
          </reporter-output>
        </test-method> <!-- runScenario -->
        <test-method signature="runScenario(io.cucumber.testng.PickleWrapper,io.cucumber.testng.FeatureWrapper)[pri:0, instance:testRunner.TestRunner@581ac8a8]" started-at="2025-03-27T16:30:40 CDT" name="runScenario" description="Runs Cucumber Scenarios" data-provider="scenarios" finished-at="2025-03-27T16:30:40 CDT" duration-ms="322" status="PASS">
          <params>
            <param index="0">
              <value>
                <![CDATA["Get all batches by Batchid"]]>
              </value>
            </param>
            <param index="1">
              <value>
                <![CDATA["Batch Module Functionality"]]>
              </value>
            </param>
          </params>
          <reporter-output>
          </reporter-output>
        </test-method> <!-- runScenario -->
        <test-method signature="runScenario(io.cucumber.testng.PickleWrapper,io.cucumber.testng.FeatureWrapper)[pri:0, instance:testRunner.TestRunner@581ac8a8]" started-at="2025-03-27T16:30:40 CDT" name="runScenario" description="Runs Cucumber Scenarios" data-provider="scenarios" finished-at="2025-03-27T16:30:41 CDT" duration-ms="525" status="PASS">
          <params>
            <param index="0">
              <value>
                <![CDATA["Get all batches by Batchid"]]>
              </value>
            </param>
            <param index="1">
              <value>
                <![CDATA["Batch Module Functionality"]]>
              </value>
            </param>
          </params>
          <reporter-output>
          </reporter-output>
        </test-method> <!-- runScenario -->
        <test-method signature="runScenario(io.cucumber.testng.PickleWrapper,io.cucumber.testng.FeatureWrapper)[pri:0, instance:testRunner.TestRunner@581ac8a8]" started-at="2025-03-27T16:30:41 CDT" name="runScenario" description="Runs Cucumber Scenarios" data-provider="scenarios" finished-at="2025-03-27T16:30:41 CDT" duration-ms="461" status="PASS">
          <params>
            <param index="0">
              <value>
                <![CDATA["Get all batches by batchname"]]>
              </value>
            </param>
            <param index="1">
              <value>
                <![CDATA["Batch Module Functionality"]]>
              </value>
            </param>
          </params>
          <reporter-output>
          </reporter-output>
        </test-method> <!-- runScenario -->
        <test-method signature="runScenario(io.cucumber.testng.PickleWrapper,io.cucumber.testng.FeatureWrapper)[pri:0, instance:testRunner.TestRunner@581ac8a8]" started-at="2025-03-27T16:30:41 CDT" name="runScenario" description="Runs Cucumber Scenarios" data-provider="scenarios" finished-at="2025-03-27T16:30:42 CDT" duration-ms="356" status="PASS">
          <params>
            <param index="0">
              <value>
                <![CDATA["Get all batches by batchname"]]>
              </value>
            </param>
            <param index="1">
              <value>
                <![CDATA["Batch Module Functionality"]]>
              </value>
            </param>
          </params>
          <reporter-output>
          </reporter-output>
        </test-method> <!-- runScenario -->
        <test-method signature="runScenario(io.cucumber.testng.PickleWrapper,io.cucumber.testng.FeatureWrapper)[pri:0, instance:testRunner.TestRunner@581ac8a8]" started-at="2025-03-27T16:30:42 CDT" name="runScenario" description="Runs Cucumber Scenarios" data-provider="scenarios" finished-at="2025-03-27T16:30:42 CDT" duration-ms="332" status="PASS">
          <params>
            <param index="0">
              <value>
                <![CDATA["Get all batches by batchname"]]>
              </value>
            </param>
            <param index="1">
              <value>
                <![CDATA["Batch Module Functionality"]]>
              </value>
            </param>
          </params>
          <reporter-output>
          </reporter-output>
        </test-method> <!-- runScenario -->
        <test-method signature="runScenario(io.cucumber.testng.PickleWrapper,io.cucumber.testng.FeatureWrapper)[pri:0, instance:testRunner.TestRunner@581ac8a8]" started-at="2025-03-27T16:30:42 CDT" name="runScenario" description="Runs Cucumber Scenarios" data-provider="scenarios" finished-at="2025-03-27T16:30:43 CDT" duration-ms="481" status="PASS">
          <params>
            <param index="0">
              <value>
                <![CDATA["Get all batches by batchname"]]>
              </value>
            </param>
            <param index="1">
              <value>
                <![CDATA["Batch Module Functionality"]]>
              </value>
            </param>
          </params>
          <reporter-output>
          </reporter-output>
        </test-method> <!-- runScenario -->
        <test-method signature="runScenario(io.cucumber.testng.PickleWrapper,io.cucumber.testng.FeatureWrapper)[pri:0, instance:testRunner.TestRunner@581ac8a8]" started-at="2025-03-27T16:30:43 CDT" name="runScenario" description="Runs Cucumber Scenarios" data-provider="scenarios" finished-at="2025-03-27T16:30:43 CDT" duration-ms="320" status="PASS">
          <params>
            <param index="0">
              <value>
                <![CDATA["Get batches by ProgramID"]]>
              </value>
            </param>
            <param index="1">
              <value>
                <![CDATA["Batch Module Functionality"]]>
              </value>
            </param>
          </params>
          <reporter-output>
          </reporter-output>
        </test-method> <!-- runScenario -->
        <test-method signature="runScenario(io.cucumber.testng.PickleWrapper,io.cucumber.testng.FeatureWrapper)[pri:0, instance:testRunner.TestRunner@581ac8a8]" started-at="2025-03-27T16:30:43 CDT" name="runScenario" description="Runs Cucumber Scenarios" data-provider="scenarios" finished-at="2025-03-27T16:30:43 CDT" duration-ms="508" status="FAIL">
          <params>
            <param index="0">
              <value>
                <![CDATA["Get batches by ProgramID"]]>
              </value>
            </param>
            <param index="1">
              <value>
                <![CDATA["Batch Module Functionality"]]>
              </value>
            </param>
          </params>
          <exception class="java.lang.AssertionError">
            <message>
              <![CDATA[The following asserts failed:
Status code mismatch! expected [404] but found [200]]]>
            </message>
            <full-stacktrace>
              <![CDATA[java.lang.AssertionError: The following asserts failed:
Status code mismatch! expected [404] but found [200]
at org.testng.asserts.SoftAssert.assertAll(SoftAssert.java:46)
at org.testng.asserts.SoftAssert.assertAll(SoftAssert.java:30)
at requestBuilder.CommonRequest.validateStatusCode(CommonRequest.java:70)
at stepDefinitions.Batch_Step.the_admin_get_batchby_program_id_retrievethebatchidbyinactiveprogramid_response_code_and_message_as_and(Batch_Step.java:356)
at ✽.The Admin get BatchbyProgramId  retrievethebatchidbyinactiveprogramid response code and message as "batch" and "TC_20_batch"(file:///C:/Users/ems11/Desktop/ElamathiProjects/Team04_RestfulRebels_APIPhase2/Team04_RestfulRebels/src/test/resources/features/03Batch.feature:65)
]]>
            </full-stacktrace>
          </exception> <!-- java.lang.AssertionError -->
          <reporter-output>
          </reporter-output>
        </test-method> <!-- runScenario -->
        <test-method signature="runScenario(io.cucumber.testng.PickleWrapper,io.cucumber.testng.FeatureWrapper)[pri:0, instance:testRunner.TestRunner@581ac8a8]" started-at="2025-03-27T16:30:43 CDT" name="runScenario" description="Runs Cucumber Scenarios" data-provider="scenarios" finished-at="2025-03-27T16:30:44 CDT" duration-ms="446" status="PASS">
          <params>
            <param index="0">
              <value>
                <![CDATA["Get batches by ProgramID"]]>
              </value>
            </param>
            <param index="1">
              <value>
                <![CDATA["Batch Module Functionality"]]>
              </value>
            </param>
          </params>
          <reporter-output>
          </reporter-output>
        </test-method> <!-- runScenario -->
        <test-method signature="runScenario(io.cucumber.testng.PickleWrapper,io.cucumber.testng.FeatureWrapper)[pri:0, instance:testRunner.TestRunner@581ac8a8]" started-at="2025-03-27T16:30:44 CDT" name="runScenario" description="Runs Cucumber Scenarios" data-provider="scenarios" finished-at="2025-03-27T16:30:44 CDT" duration-ms="321" status="PASS">
          <params>
            <param index="0">
              <value>
                <![CDATA["Get batches by ProgramID"]]>
              </value>
            </param>
            <param index="1">
              <value>
                <![CDATA["Batch Module Functionality"]]>
              </value>
            </param>
          </params>
          <reporter-output>
          </reporter-output>
        </test-method> <!-- runScenario -->
        <test-method signature="runScenario(io.cucumber.testng.PickleWrapper,io.cucumber.testng.FeatureWrapper)[pri:0, instance:testRunner.TestRunner@581ac8a8]" started-at="2025-03-27T16:30:44 CDT" name="runScenario" description="Runs Cucumber Scenarios" data-provider="scenarios" finished-at="2025-03-27T16:30:44 CDT" duration-ms="311" status="PASS">
          <params>
            <param index="0">
              <value>
                <![CDATA["Deleting the batch by batch id"]]>
              </value>
            </param>
            <param index="1">
              <value>
                <![CDATA["Batch Module Functionality"]]>
              </value>
            </param>
          </params>
          <reporter-output>
          </reporter-output>
        </test-method> <!-- runScenario -->
        <test-method signature="runScenario(io.cucumber.testng.PickleWrapper,io.cucumber.testng.FeatureWrapper)[pri:0, instance:testRunner.TestRunner@581ac8a8]" started-at="2025-03-27T16:30:44 CDT" name="runScenario" description="Runs Cucumber Scenarios" data-provider="scenarios" finished-at="2025-03-27T16:30:45 CDT" duration-ms="324" status="PASS">
          <params>
            <param index="0">
              <value>
                <![CDATA["Deleting the batch by batch id"]]>
              </value>
            </param>
            <param index="1">
              <value>
                <![CDATA["Batch Module Functionality"]]>
              </value>
            </param>
          </params>
          <reporter-output>
          </reporter-output>
        </test-method> <!-- runScenario -->
        <test-method signature="runScenario(io.cucumber.testng.PickleWrapper,io.cucumber.testng.FeatureWrapper)[pri:0, instance:testRunner.TestRunner@581ac8a8]" started-at="2025-03-27T16:30:45 CDT" name="runScenario" description="Runs Cucumber Scenarios" data-provider="scenarios" finished-at="2025-03-27T16:30:45 CDT" duration-ms="297" status="PASS">
          <params>
            <param index="0">
              <value>
                <![CDATA["Deleting the batch by batch id"]]>
              </value>
            </param>
            <param index="1">
              <value>
                <![CDATA["Batch Module Functionality"]]>
              </value>
            </param>
          </params>
          <reporter-output>
          </reporter-output>
        </test-method> <!-- runScenario -->
        <test-method signature="runScenario(io.cucumber.testng.PickleWrapper,io.cucumber.testng.FeatureWrapper)[pri:0, instance:testRunner.TestRunner@581ac8a8]" started-at="2025-03-27T16:30:45 CDT" name="runScenario" description="Runs Cucumber Scenarios" data-provider="scenarios" finished-at="2025-03-27T16:30:45 CDT" duration-ms="341" status="PASS">
          <params>
            <param index="0">
              <value>
                <![CDATA["Update the batchby Batchid"]]>
              </value>
            </param>
            <param index="1">
              <value>
                <![CDATA["Batch Module Functionality"]]>
              </value>
            </param>
          </params>
          <reporter-output>
          </reporter-output>
        </test-method> <!-- runScenario -->
        <test-method signature="runScenario(io.cucumber.testng.PickleWrapper,io.cucumber.testng.FeatureWrapper)[pri:0, instance:testRunner.TestRunner@581ac8a8]" started-at="2025-03-27T16:30:45 CDT" name="runScenario" description="Runs Cucumber Scenarios" data-provider="scenarios" finished-at="2025-03-27T16:30:46 CDT" duration-ms="321" status="PASS">
          <params>
            <param index="0">
              <value>
                <![CDATA["Update the batchby Batchid"]]>
              </value>
            </param>
            <param index="1">
              <value>
                <![CDATA["Batch Module Functionality"]]>
              </value>
            </param>
          </params>
          <reporter-output>
          </reporter-output>
        </test-method> <!-- runScenario -->
        <test-method signature="runScenario(io.cucumber.testng.PickleWrapper,io.cucumber.testng.FeatureWrapper)[pri:0, instance:testRunner.TestRunner@581ac8a8]" started-at="2025-03-27T16:30:46 CDT" name="runScenario" description="Runs Cucumber Scenarios" data-provider="scenarios" finished-at="2025-03-27T16:30:46 CDT" duration-ms="307" status="PASS">
          <params>
            <param index="0">
              <value>
                <![CDATA["Update the batchby Batchid"]]>
              </value>
            </param>
            <param index="1">
              <value>
                <![CDATA["Batch Module Functionality"]]>
              </value>
            </param>
          </params>
          <reporter-output>
          </reporter-output>
        </test-method> <!-- runScenario -->
        <test-method signature="runScenario(io.cucumber.testng.PickleWrapper,io.cucumber.testng.FeatureWrapper)[pri:0, instance:testRunner.TestRunner@581ac8a8]" started-at="2025-03-27T16:30:46 CDT" name="runScenario" description="Runs Cucumber Scenarios" data-provider="scenarios" finished-at="2025-03-27T16:30:47 CDT" duration-ms="480" status="PASS">
          <params>
            <param index="0">
              <value>
                <![CDATA["Update the batchby Batchid"]]>
              </value>
            </param>
            <param index="1">
              <value>
                <![CDATA["Batch Module Functionality"]]>
              </value>
            </param>
          </params>
          <reporter-output>
          </reporter-output>
        </test-method> <!-- runScenario -->
        <test-method signature="runScenario(io.cucumber.testng.PickleWrapper,io.cucumber.testng.FeatureWrapper)[pri:0, instance:testRunner.TestRunner@581ac8a8]" started-at="2025-03-27T16:30:47 CDT" name="runScenario" description="Runs Cucumber Scenarios" data-provider="scenarios" finished-at="2025-03-27T16:30:47 CDT" duration-ms="485" status="PASS">
          <params>
            <param index="0">
              <value>
                <![CDATA["Update the batchby Batchid"]]>
              </value>
            </param>
            <param index="1">
              <value>
                <![CDATA["Batch Module Functionality"]]>
              </value>
            </param>
          </params>
          <reporter-output>
          </reporter-output>
        </test-method> <!-- runScenario -->
        <test-method signature="runScenario(io.cucumber.testng.PickleWrapper,io.cucumber.testng.FeatureWrapper)[pri:0, instance:testRunner.TestRunner@581ac8a8]" started-at="2025-03-27T16:30:47 CDT" name="runScenario" description="Runs Cucumber Scenarios" data-provider="scenarios" finished-at="2025-03-27T16:30:47 CDT" duration-ms="450" status="PASS">
          <params>
            <param index="0">
              <value>
                <![CDATA["Update the batchby Batchid"]]>
              </value>
            </param>
            <param index="1">
              <value>
                <![CDATA["Batch Module Functionality"]]>
              </value>
            </param>
          </params>
          <reporter-output>
          </reporter-output>
        </test-method> <!-- runScenario -->
        <test-method signature="runScenario(io.cucumber.testng.PickleWrapper,io.cucumber.testng.FeatureWrapper)[pri:0, instance:testRunner.TestRunner@581ac8a8]" started-at="2025-03-27T16:30:47 CDT" name="runScenario" description="Runs Cucumber Scenarios" data-provider="scenarios" finished-at="2025-03-27T16:30:48 CDT" duration-ms="365" status="PASS">
          <params>
            <param index="0">
              <value>
                <![CDATA["Update the batchby Batchid"]]>
              </value>
            </param>
            <param index="1">
              <value>
                <![CDATA["Batch Module Functionality"]]>
              </value>
            </param>
          </params>
          <reporter-output>
          </reporter-output>
        </test-method> <!-- runScenario -->
        <test-method signature="runScenario(io.cucumber.testng.PickleWrapper,io.cucumber.testng.FeatureWrapper)[pri:0, instance:testRunner.TestRunner@581ac8a8]" started-at="2025-03-27T16:30:48 CDT" name="runScenario" description="Runs Cucumber Scenarios" data-provider="scenarios" finished-at="2025-03-27T16:30:48 CDT" duration-ms="415" status="PASS">
          <params>
            <param index="0">
              <value>
                <![CDATA["Update the batchby Batchid"]]>
              </value>
            </param>
            <param index="1">
              <value>
                <![CDATA["Batch Module Functionality"]]>
              </value>
            </param>
          </params>
          <reporter-output>
          </reporter-output>
        </test-method> <!-- runScenario -->
        <test-method signature="runScenario(io.cucumber.testng.PickleWrapper,io.cucumber.testng.FeatureWrapper)[pri:0, instance:testRunner.TestRunner@581ac8a8]" started-at="2025-03-27T16:30:48 CDT" name="runScenario" description="Runs Cucumber Scenarios" data-provider="scenarios" finished-at="2025-03-27T16:30:49 CDT" duration-ms="732" status="FAIL">
          <params>
            <param index="0">
              <value>
                <![CDATA["Creating User with different values from Test data"]]>
              </value>
            </param>
            <param index="1">
              <value>
                <![CDATA["User Module Functionality"]]>
              </value>
            </param>
          </params>
          <exception class="java.lang.AssertionError">
            <message>
              <![CDATA[Mismatch in userComments expected [null] but found [nnhhh]]]>
            </message>
            <full-stacktrace>
              <![CDATA[java.lang.AssertionError: Mismatch in userComments expected [null] but found [nnhhh]
at org.testng.Assert.fail(Assert.java:111)
at org.testng.Assert.failNotEquals(Assert.java:1590)
at org.testng.Assert.assertEqualsImpl(Assert.java:150)
at org.testng.Assert.assertEquals(Assert.java:132)
at org.testng.Assert.assertEquals(Assert.java:656)
at requestBuilder.UserRequest.validateDataUserPost(UserRequest.java:658)
at stepDefinitions.User_Step.the_admin_get_valid_data_response_code_and_message_as_and_for_user(User_Step.java:45)
at ✽.The Admin get valid data response code and message as "user" and "TC_01_user" for User(file:///C:/Users/ems11/Desktop/ElamathiProjects/Team04_RestfulRebels_APIPhase2/Team04_RestfulRebels/src/test/resources/features/04User.feature:11)
]]>
            </full-stacktrace>
          </exception> <!-- java.lang.AssertionError -->
          <reporter-output>
          </reporter-output>
        </test-method> <!-- runScenario -->
        <test-method signature="runScenario(io.cucumber.testng.PickleWrapper,io.cucumber.testng.FeatureWrapper)[pri:0, instance:testRunner.TestRunner@581ac8a8]" started-at="2025-03-27T16:30:49 CDT" name="runScenario" description="Runs Cucumber Scenarios" data-provider="scenarios" finished-at="2025-03-27T16:30:49 CDT" duration-ms="321" status="FAIL">
          <params>
            <param index="0">
              <value>
                <![CDATA["Creating User with different values from Test data"]]>
              </value>
            </param>
            <param index="1">
              <value>
                <![CDATA["User Module Functionality"]]>
              </value>
            </param>
          </params>
          <exception class="java.lang.AssertionError">
            <message>
              <![CDATA[The following asserts failed:
Status code mismatch! expected [201] but found [400]]]>
            </message>
            <full-stacktrace>
              <![CDATA[java.lang.AssertionError: The following asserts failed:
Status code mismatch! expected [201] but found [400]
at org.testng.asserts.SoftAssert.assertAll(SoftAssert.java:46)
at org.testng.asserts.SoftAssert.assertAll(SoftAssert.java:30)
at requestBuilder.CommonRequest.validateStatusCode(CommonRequest.java:70)
at stepDefinitions.User_Step.the_admin_get_mandatory_fields_response_code_and_message_as_and_for_user(User_Step.java:57)
at ✽.The Admin get mandatory fields response code and message as "user" and "TC_02_user" for User(file:///C:/Users/ems11/Desktop/ElamathiProjects/Team04_RestfulRebels_APIPhase2/Team04_RestfulRebels/src/test/resources/features/04User.feature:11)
]]>
            </full-stacktrace>
          </exception> <!-- java.lang.AssertionError -->
          <reporter-output>
          </reporter-output>
        </test-method> <!-- runScenario -->
        <test-method signature="runScenario(io.cucumber.testng.PickleWrapper,io.cucumber.testng.FeatureWrapper)[pri:0, instance:testRunner.TestRunner@581ac8a8]" started-at="2025-03-27T16:30:49 CDT" name="runScenario" description="Runs Cucumber Scenarios" data-provider="scenarios" finished-at="2025-03-27T16:30:50 CDT" duration-ms="597" status="PASS">
          <params>
            <param index="0">
              <value>
                <![CDATA["Creating User with different values from Test data"]]>
              </value>
            </param>
            <param index="1">
              <value>
                <![CDATA["User Module Functionality"]]>
              </value>
            </param>
          </params>
          <reporter-output>
          </reporter-output>
        </test-method> <!-- runScenario -->
        <test-method signature="runScenario(io.cucumber.testng.PickleWrapper,io.cucumber.testng.FeatureWrapper)[pri:0, instance:testRunner.TestRunner@581ac8a8]" started-at="2025-03-27T16:30:50 CDT" name="runScenario" description="Runs Cucumber Scenarios" data-provider="scenarios" finished-at="2025-03-27T16:30:51 CDT" duration-ms="607" status="PASS">
          <params>
            <param index="0">
              <value>
                <![CDATA["Creating User with different values from Test data"]]>
              </value>
            </param>
            <param index="1">
              <value>
                <![CDATA["User Module Functionality"]]>
              </value>
            </param>
          </params>
          <reporter-output>
          </reporter-output>
        </test-method> <!-- runScenario -->
        <test-method signature="runScenario(io.cucumber.testng.PickleWrapper,io.cucumber.testng.FeatureWrapper)[pri:0, instance:testRunner.TestRunner@581ac8a8]" started-at="2025-03-27T16:30:51 CDT" name="runScenario" description="Runs Cucumber Scenarios" data-provider="scenarios" finished-at="2025-03-27T16:30:51 CDT" duration-ms="820" status="PASS">
          <params>
            <param index="0">
              <value>
                <![CDATA["Creating User with different values from Test data"]]>
              </value>
            </param>
            <param index="1">
              <value>
                <![CDATA["User Module Functionality"]]>
              </value>
            </param>
          </params>
          <reporter-output>
          </reporter-output>
        </test-method> <!-- runScenario -->
        <test-method signature="runScenario(io.cucumber.testng.PickleWrapper,io.cucumber.testng.FeatureWrapper)[pri:0, instance:testRunner.TestRunner@581ac8a8]" started-at="2025-03-27T16:30:51 CDT" name="runScenario" description="Runs Cucumber Scenarios" data-provider="scenarios" finished-at="2025-03-27T16:30:54 CDT" duration-ms="3009" status="PASS">
          <params>
            <param index="0">
              <value>
                <![CDATA["Get functionality for different endpoints for User"]]>
              </value>
            </param>
            <param index="1">
              <value>
                <![CDATA["User Module Functionality"]]>
              </value>
            </param>
          </params>
          <reporter-output>
          </reporter-output>
        </test-method> <!-- runScenario -->
        <test-method signature="runScenario(io.cucumber.testng.PickleWrapper,io.cucumber.testng.FeatureWrapper)[pri:0, instance:testRunner.TestRunner@581ac8a8]" started-at="2025-03-27T16:30:54 CDT" name="runScenario" description="Runs Cucumber Scenarios" data-provider="scenarios" finished-at="2025-03-27T16:30:57 CDT" duration-ms="2256" status="PASS">
          <params>
            <param index="0">
              <value>
                <![CDATA["Get functionality for different endpoints for User"]]>
              </value>
            </param>
            <param index="1">
              <value>
                <![CDATA["User Module Functionality"]]>
              </value>
            </param>
          </params>
          <reporter-output>
          </reporter-output>
        </test-method> <!-- runScenario -->
        <test-method signature="runScenario(io.cucumber.testng.PickleWrapper,io.cucumber.testng.FeatureWrapper)[pri:0, instance:testRunner.TestRunner@581ac8a8]" started-at="2025-03-27T16:30:57 CDT" name="runScenario" description="Runs Cucumber Scenarios" data-provider="scenarios" finished-at="2025-03-27T16:30:57 CDT" duration-ms="658" status="PASS">
          <params>
            <param index="0">
              <value>
                <![CDATA["Get functionality for different endpoints for User"]]>
              </value>
            </param>
            <param index="1">
              <value>
                <![CDATA["User Module Functionality"]]>
              </value>
            </param>
          </params>
          <reporter-output>
          </reporter-output>
        </test-method> <!-- runScenario -->
        <test-method signature="runScenario(io.cucumber.testng.PickleWrapper,io.cucumber.testng.FeatureWrapper)[pri:0, instance:testRunner.TestRunner@581ac8a8]" started-at="2025-03-27T16:30:57 CDT" name="runScenario" description="Runs Cucumber Scenarios" data-provider="scenarios" finished-at="2025-03-27T16:30:58 CDT" duration-ms="912" status="PASS">
          <params>
            <param index="0">
              <value>
                <![CDATA["Get functionality for different endpoints for User"]]>
              </value>
            </param>
            <param index="1">
              <value>
                <![CDATA["User Module Functionality"]]>
              </value>
            </param>
          </params>
          <reporter-output>
          </reporter-output>
        </test-method> <!-- runScenario -->
        <test-method signature="runScenario(io.cucumber.testng.PickleWrapper,io.cucumber.testng.FeatureWrapper)[pri:0, instance:testRunner.TestRunner@581ac8a8]" started-at="2025-03-27T16:30:58 CDT" name="runScenario" description="Runs Cucumber Scenarios" data-provider="scenarios" finished-at="2025-03-27T16:30:59 CDT" duration-ms="511" status="PASS">
          <params>
            <param index="0">
              <value>
                <![CDATA["Get functionality for different endpoints for User"]]>
              </value>
            </param>
            <param index="1">
              <value>
                <![CDATA["User Module Functionality"]]>
              </value>
            </param>
          </params>
          <reporter-output>
          </reporter-output>
        </test-method> <!-- runScenario -->
        <test-method signature="runScenario(io.cucumber.testng.PickleWrapper,io.cucumber.testng.FeatureWrapper)[pri:0, instance:testRunner.TestRunner@581ac8a8]" started-at="2025-03-27T16:30:59 CDT" name="runScenario" description="Runs Cucumber Scenarios" data-provider="scenarios" finished-at="2025-03-27T16:31:04 CDT" duration-ms="5120" status="PASS">
          <params>
            <param index="0">
              <value>
                <![CDATA["Get functionality for different endpoints for User"]]>
              </value>
            </param>
            <param index="1">
              <value>
                <![CDATA["User Module Functionality"]]>
              </value>
            </param>
          </params>
          <reporter-output>
          </reporter-output>
        </test-method> <!-- runScenario -->
        <test-method signature="runScenario(io.cucumber.testng.PickleWrapper,io.cucumber.testng.FeatureWrapper)[pri:0, instance:testRunner.TestRunner@581ac8a8]" started-at="2025-03-27T16:31:04 CDT" name="runScenario" description="Runs Cucumber Scenarios" data-provider="scenarios" finished-at="2025-03-27T16:31:04 CDT" duration-ms="510" status="PASS">
          <params>
            <param index="0">
              <value>
                <![CDATA["Get functionality for different endpoints for User"]]>
              </value>
            </param>
            <param index="1">
              <value>
                <![CDATA["User Module Functionality"]]>
              </value>
            </param>
          </params>
          <reporter-output>
          </reporter-output>
        </test-method> <!-- runScenario -->
        <test-method signature="runScenario(io.cucumber.testng.PickleWrapper,io.cucumber.testng.FeatureWrapper)[pri:0, instance:testRunner.TestRunner@581ac8a8]" started-at="2025-03-27T16:31:04 CDT" name="runScenario" description="Runs Cucumber Scenarios" data-provider="scenarios" finished-at="2025-03-27T16:31:05 CDT" duration-ms="511" status="PASS">
          <params>
            <param index="0">
              <value>
                <![CDATA["Get functionality for different endpoints for User"]]>
              </value>
            </param>
            <param index="1">
              <value>
                <![CDATA["User Module Functionality"]]>
              </value>
            </param>
          </params>
          <reporter-output>
          </reporter-output>
        </test-method> <!-- runScenario -->
        <test-method signature="runScenario(io.cucumber.testng.PickleWrapper,io.cucumber.testng.FeatureWrapper)[pri:0, instance:testRunner.TestRunner@581ac8a8]" started-at="2025-03-27T16:31:05 CDT" name="runScenario" description="Runs Cucumber Scenarios" data-provider="scenarios" finished-at="2025-03-27T16:31:05 CDT" duration-ms="512" status="PASS">
          <params>
            <param index="0">
              <value>
                <![CDATA["Get functionality for different endpoints for User"]]>
              </value>
            </param>
            <param index="1">
              <value>
                <![CDATA["User Module Functionality"]]>
              </value>
            </param>
          </params>
          <reporter-output>
          </reporter-output>
        </test-method> <!-- runScenario -->
        <test-method signature="runScenario(io.cucumber.testng.PickleWrapper,io.cucumber.testng.FeatureWrapper)[pri:0, instance:testRunner.TestRunner@581ac8a8]" started-at="2025-03-27T16:31:05 CDT" name="runScenario" description="Runs Cucumber Scenarios" data-provider="scenarios" finished-at="2025-03-27T16:31:07 CDT" duration-ms="1922" status="PASS">
          <params>
            <param index="0">
              <value>
                <![CDATA["Get functionality for different endpoints for User"]]>
              </value>
            </param>
            <param index="1">
              <value>
                <![CDATA["User Module Functionality"]]>
              </value>
            </param>
          </params>
          <reporter-output>
          </reporter-output>
        </test-method> <!-- runScenario -->
        <test-method signature="runScenario(io.cucumber.testng.PickleWrapper,io.cucumber.testng.FeatureWrapper)[pri:0, instance:testRunner.TestRunner@581ac8a8]" started-at="2025-03-27T16:31:07 CDT" name="runScenario" description="Runs Cucumber Scenarios" data-provider="scenarios" finished-at="2025-03-27T16:31:10 CDT" duration-ms="2936" status="PASS">
          <params>
            <param index="0">
              <value>
[...]
              </value>
            </param>
            <param index="1">
              <value>
                <![CDATA["Scenarios with No auth and Invalid Url"]]>
              </value>
            </param>
          </params>
          <reporter-output>
          </reporter-output>
        </test-method> <!-- runScenario -->
        <test-method signature="runScenario(io.cucumber.testng.PickleWrapper,io.cucumber.testng.FeatureWrapper)[pri:0, instance:testRunner.TestRunner@581ac8a8]" started-at="2025-03-27T16:32:10 CDT" name="runScenario" description="Runs Cucumber Scenarios" data-provider="scenarios" finished-at="2025-03-27T16:32:10 CDT" duration-ms="507" status="PASS">
          <params>
            <param index="0">
              <value>
                <![CDATA["Validating different Crud Operations with no auth"]]>
              </value>
            </param>
            <param index="1">
              <value>
                <![CDATA["Scenarios with No auth and Invalid Url"]]>
              </value>
            </param>
          </params>
          <reporter-output>
          </reporter-output>
        </test-method> <!-- runScenario -->
        <test-method signature="runScenario(io.cucumber.testng.PickleWrapper,io.cucumber.testng.FeatureWrapper)[pri:0, instance:testRunner.TestRunner@581ac8a8]" started-at="2025-03-27T16:32:10 CDT" name="runScenario" description="Runs Cucumber Scenarios" data-provider="scenarios" finished-at="2025-03-27T16:32:11 CDT" duration-ms="799" status="PASS">
          <params>
            <param index="0">
              <value>
                <![CDATA["Validating different Crud Operations with no auth"]]>
              </value>
            </param>
            <param index="1">
              <value>
                <![CDATA["Scenarios with No auth and Invalid Url"]]>
              </value>
            </param>
          </params>
          <reporter-output>
          </reporter-output>
        </test-method> <!-- runScenario -->
        <test-method signature="runScenario(io.cucumber.testng.PickleWrapper,io.cucumber.testng.FeatureWrapper)[pri:0, instance:testRunner.TestRunner@581ac8a8]" started-at="2025-03-27T16:32:11 CDT" name="runScenario" description="Runs Cucumber Scenarios" data-provider="scenarios" finished-at="2025-03-27T16:32:12 CDT" duration-ms="1046" status="PASS">
          <params>
            <param index="0">
              <value>
                <![CDATA["Validating different Crud Operations with no auth"]]>
              </value>
            </param>
            <param index="1">
              <value>
                <![CDATA["Scenarios with No auth and Invalid Url"]]>
              </value>
            </param>
          </params>
          <reporter-output>
          </reporter-output>
        </test-method> <!-- runScenario -->
        <test-method signature="runScenario(io.cucumber.testng.PickleWrapper,io.cucumber.testng.FeatureWrapper)[pri:0, instance:testRunner.TestRunner@581ac8a8]" started-at="2025-03-27T16:32:12 CDT" name="runScenario" description="Runs Cucumber Scenarios" data-provider="scenarios" finished-at="2025-03-27T16:32:13 CDT" duration-ms="689" status="PASS">
          <params>
            <param index="0">
              <value>
                <![CDATA["Validating different Crud Operations with no auth"]]>
              </value>
            </param>
            <param index="1">
              <value>
                <![CDATA["Scenarios with No auth and Invalid Url"]]>
              </value>
            </param>
          </params>
          <reporter-output>
          </reporter-output>
        </test-method> <!-- runScenario -->
        <test-method signature="runScenario(io.cucumber.testng.PickleWrapper,io.cucumber.testng.FeatureWrapper)[pri:0, instance:testRunner.TestRunner@581ac8a8]" started-at="2025-03-27T16:32:13 CDT" name="runScenario" description="Runs Cucumber Scenarios" data-provider="scenarios" finished-at="2025-03-27T16:32:14 CDT" duration-ms="860" status="FAIL">
          <params>
            <param index="0">
              <value>
                <![CDATA["Validating different Crud Operations with no auth"]]>
              </value>
            </param>
            <param index="1">
              <value>
                <![CDATA["Scenarios with No auth and Invalid Url"]]>
              </value>
            </param>
          </params>
          <exception class="java.lang.AssertionError">
            <message>
              <![CDATA[The following asserts failed:
Status code mismatch! expected [401] but found [404]]]>
            </message>
            <full-stacktrace>
              <![CDATA[java.lang.AssertionError: The following asserts failed:
Status code mismatch! expected [401] but found [404]
at org.testng.asserts.SoftAssert.assertAll(SoftAssert.java:46)
at org.testng.asserts.SoftAssert.assertAll(SoftAssert.java:30)
at requestBuilder.CommonRequest.validateStatusCode(CommonRequest.java:70)
at stepDefinitions.Program_Step.the_admin_gets_response_code_and_message_as_and_for_program(Program_Step.java:686)
at ✽.The Admin gets response code and message as "program" and "TC_07_program_noAuth" for program(file:///C:/Users/ems11/Desktop/ElamathiProjects/Team04_RestfulRebels_APIPhase2/Team04_RestfulRebels/src/test/resources/features/06NoauthandInvalidURL.feature:69)
]]>
            </full-stacktrace>
          </exception> <!-- java.lang.AssertionError -->
          <reporter-output>
          </reporter-output>
        </test-method> <!-- runScenario -->
        <test-method signature="runScenario(io.cucumber.testng.PickleWrapper,io.cucumber.testng.FeatureWrapper)[pri:0, instance:testRunner.TestRunner@581ac8a8]" started-at="2025-03-27T16:32:14 CDT" name="runScenario" description="Runs Cucumber Scenarios" data-provider="scenarios" finished-at="2025-03-27T16:32:15 CDT" duration-ms="799" status="FAIL">
          <params>
            <param index="0">
              <value>
                <![CDATA["Validating different Crud Operations with no auth"]]>
              </value>
            </param>
            <param index="1">
              <value>
                <![CDATA["Scenarios with No auth and Invalid Url"]]>
              </value>
            </param>
          </params>
          <exception class="java.lang.AssertionError">
            <message>
              <![CDATA[The following asserts failed:
Status code mismatch! expected [401] but found [200]]]>
            </message>
            <full-stacktrace>
              <![CDATA[java.lang.AssertionError: The following asserts failed:
Status code mismatch! expected [401] but found [200]
at org.testng.asserts.SoftAssert.assertAll(SoftAssert.java:46)
at org.testng.asserts.SoftAssert.assertAll(SoftAssert.java:30)
at requestBuilder.CommonRequest.validateStatusCode(CommonRequest.java:70)
at stepDefinitions.Program_Step.the_admin_gets_response_code_and_message_as_and_for_program(Program_Step.java:686)
at ✽.The Admin gets response code and message as "program" and "TC_08_program_noAuth" for program(file:///C:/Users/ems11/Desktop/ElamathiProjects/Team04_RestfulRebels_APIPhase2/Team04_RestfulRebels/src/test/resources/features/06NoauthandInvalidURL.feature:69)
]]>
            </full-stacktrace>
          </exception> <!-- java.lang.AssertionError -->
          <reporter-output>
          </reporter-output>
        </test-method> <!-- runScenario -->
        <test-method signature="runScenario(io.cucumber.testng.PickleWrapper,io.cucumber.testng.FeatureWrapper)[pri:0, instance:testRunner.TestRunner@581ac8a8]" started-at="2025-03-27T16:32:15 CDT" name="runScenario" description="Runs Cucumber Scenarios" data-provider="scenarios" finished-at="2025-03-27T16:32:15 CDT" duration-ms="17" status="FAIL">
          <params>
            <param index="0">
              <value>
                <![CDATA["Validating LMS API using CRUD operations with Invalid URL"]]>
              </value>
            </param>
            <param index="1">
              <value>
                <![CDATA["Scenarios with No auth and Invalid Url"]]>
              </value>
            </param>
          </params>
          <exception class="java.lang.NullPointerException">
            <message>
              <![CDATA[Cannot invoke "String.trim()" because the return value of "java.util.Map.get(Object)" is null]]>
            </message>
            <full-stacktrace>
              <![CDATA[java.lang.NullPointerException: Cannot invoke "String.trim()" because the return value of "java.util.Map.get(Object)" is null
at requestBuilder.ProgramRequest.setEndpointProgram(ProgramRequest.java:65)
at requestBuilder.ProgramRequest.programPost(ProgramRequest.java:119)
at stepDefinitions.Program_Step.the_admin_sends_createclass_request_with_invalid_url_as_input_and_for_program(Program_Step.java:746)
at ✽.The Admin sends createclass request with invalid url as input "class" and "TC_01_program_InvalidURL" for program(file:///C:/Users/ems11/Desktop/ElamathiProjects/Team04_RestfulRebels_APIPhase2/Team04_RestfulRebels/src/test/resources/features/06NoauthandInvalidURL.feature:85)
]]>
            </full-stacktrace>
          </exception> <!-- java.lang.NullPointerException -->
          <reporter-output>
          </reporter-output>
        </test-method> <!-- runScenario -->
        <test-method signature="runScenario(io.cucumber.testng.PickleWrapper,io.cucumber.testng.FeatureWrapper)[pri:0, instance:testRunner.TestRunner@581ac8a8]" started-at="2025-03-27T16:32:15 CDT" name="runScenario" description="Runs Cucumber Scenarios" data-provider="scenarios" finished-at="2025-03-27T16:32:17 CDT" duration-ms="2555" status="PASS">
          <params>
            <param index="0">
              <value>
                <![CDATA["Cleanup all the ClassId Generated"]]>
              </value>
            </param>
            <param index="1">
              <value>
                <![CDATA["User Module Functionality"]]>
              </value>
            </param>
          </params>
          <reporter-output>
          </reporter-output>
        </test-method> <!-- runScenario -->
        <test-method signature="runScenario(io.cucumber.testng.PickleWrapper,io.cucumber.testng.FeatureWrapper)[pri:0, instance:testRunner.TestRunner@581ac8a8]" started-at="2025-03-27T16:32:17 CDT" name="runScenario" description="Runs Cucumber Scenarios" data-provider="scenarios" finished-at="2025-03-27T16:32:18 CDT" duration-ms="608" status="FAIL">
          <params>
            <param index="0">
              <value>
                <![CDATA["Delete Requests with different endpoints for Program"]]>
              </value>
            </param>
            <param index="1">
              <value>
                <![CDATA["User Module Functionality"]]>
              </value>
            </param>
          </params>
          <exception class="java.lang.AssertionError">
            <message>
              <![CDATA[The following asserts failed:
Status code mismatch! expected [200] but found [404]]]>
            </message>
            <full-stacktrace>
              <![CDATA[java.lang.AssertionError: The following asserts failed:
Status code mismatch! expected [200] but found [404]
at org.testng.asserts.SoftAssert.assertAll(SoftAssert.java:46)
at org.testng.asserts.SoftAssert.assertAll(SoftAssert.java:30)
at requestBuilder.CommonRequest.validateStatusCode(CommonRequest.java:70)
at stepDefinitions.Program_Step.the_admin_get_response_code_and_message_as_and_for_delete_program(Program_Step.java:631)
at ✽.The Admin get response code and message as "program" and "TC_03_delete_program" for delete Program(file:///C:/Users/ems11/Desktop/ElamathiProjects/Team04_RestfulRebels_APIPhase2/Team04_RestfulRebels/src/test/resources/features/07Cleanup.feature:20)
]]>
            </full-stacktrace>
          </exception> <!-- java.lang.AssertionError -->
          <reporter-output>
          </reporter-output>
        </test-method> <!-- runScenario -->
        <test-method signature="runScenario(io.cucumber.testng.PickleWrapper,io.cucumber.testng.FeatureWrapper)[pri:0, instance:testRunner.TestRunner@581ac8a8]" started-at="2025-03-27T16:32:18 CDT" name="runScenario" description="Runs Cucumber Scenarios" data-provider="scenarios" finished-at="2025-03-27T16:32:19 CDT" duration-ms="1013" status="PASS">
          <params>
            <param index="0">
              <value>
                <![CDATA["Delete Requests with different endpoints for Program"]]>
              </value>
            </param>
            <param index="1">
              <value>
                <![CDATA["User Module Functionality"]]>
              </value>
            </param>
          </params>
          <reporter-output>
          </reporter-output>
        </test-method> <!-- runScenario -->
        <test-method signature="runScenario(io.cucumber.testng.PickleWrapper,io.cucumber.testng.FeatureWrapper)[pri:0, instance:testRunner.TestRunner@581ac8a8]" started-at="2025-03-27T16:32:19 CDT" name="runScenario" description="Runs Cucumber Scenarios" data-provider="scenarios" finished-at="2025-03-27T16:32:20 CDT" duration-ms="848" status="PASS">
          <params>
            <param index="0">
              <value>
                <![CDATA["Cleanup all the ProgramId Generated"]]>
              </value>
            </param>
            <param index="1">
              <value>
                <![CDATA["User Module Functionality"]]>
              </value>
            </param>
          </params>
          <reporter-output>
          </reporter-output>
        </test-method> <!-- runScenario -->
        <test-method signature="runScenario(io.cucumber.testng.PickleWrapper,io.cucumber.testng.FeatureWrapper)[pri:0, instance:testRunner.TestRunner@581ac8a8]" started-at="2025-03-27T16:32:20 CDT" name="runScenario" description="Runs Cucumber Scenarios" data-provider="scenarios" finished-at="2025-03-27T16:32:20 CDT" duration-ms="793" status="PASS">
          <params>
            <param index="0">
              <value>
                <![CDATA["Delete functionality for different values for class"]]>
              </value>
            </param>
            <param index="1">
              <value>
                <![CDATA["User Module Functionality"]]>
              </value>
            </param>
          </params>
          <reporter-output>
          </reporter-output>
        </test-method> <!-- runScenario -->
        <test-method signature="runScenario(io.cucumber.testng.PickleWrapper,io.cucumber.testng.FeatureWrapper)[pri:0, instance:testRunner.TestRunner@581ac8a8]" started-at="2025-03-27T16:32:20 CDT" name="runScenario" description="Runs Cucumber Scenarios" data-provider="scenarios" finished-at="2025-03-27T16:32:21 CDT" duration-ms="558" status="FAIL">
          <params>
            <param index="0">
              <value>
                <![CDATA["Delete functionality for different values for class"]]>
              </value>
            </param>
            <param index="1">
              <value>
                <![CDATA["User Module Functionality"]]>
              </value>
            </param>
          </params>
          <exception class="java.lang.NullPointerException">
            <message>
              <![CDATA[Cannot invoke "java.lang.CharSequence.toString()" because "replacement" is null]]>
            </message>
            <full-stacktrace>
              <![CDATA[java.lang.NullPointerException: Cannot invoke "java.lang.CharSequence.toString()" because "replacement" is null
at java.base/java.lang.String.replace(String.java:3177)
at requestBuilder.UserRequest.deleteUser(UserRequest.java:646)
at stepDefinitions.User_Step.the_admin_sends_https_delete_request_for_invalid_user_id_scenarios_as_input_and_for_class(User_Step.java:374)
at ✽.The Admin sends HTTPS Delete request for invalid userID scenarios as input "user" and "TC_02_user_del" for Class(file:///C:/Users/ems11/Desktop/ElamathiProjects/Team04_RestfulRebels_APIPhase2/Team04_RestfulRebels/src/test/resources/features/07Cleanup.feature:36)
]]>
            </full-stacktrace>
          </exception> <!-- java.lang.NullPointerException -->
          <reporter-output>
          </reporter-output>
        </test-method> <!-- runScenario -->
        <test-method signature="runScenario(io.cucumber.testng.PickleWrapper,io.cucumber.testng.FeatureWrapper)[pri:0, instance:testRunner.TestRunner@581ac8a8]" started-at="2025-03-27T16:32:21 CDT" name="runScenario" description="Runs Cucumber Scenarios" data-provider="scenarios" finished-at="2025-03-27T16:32:22 CDT" duration-ms="1395" status="PASS">
          <params>
            <param index="0">
              <value>
                <![CDATA["Cleanup all the UserId Generated"]]>
              </value>
            </param>
            <param index="1">
              <value>
                <![CDATA["User Module Functionality"]]>
              </value>
            </param>
          </params>
          <reporter-output>
          </reporter-output>
        </test-method> <!-- runScenario -->
        <test-method signature="runScenario(io.cucumber.testng.PickleWrapper,io.cucumber.testng.FeatureWrapper)[pri:0, instance:testRunner.TestRunner@581ac8a8]" started-at="2025-03-27T16:32:22 CDT" name="runScenario" description="Runs Cucumber Scenarios" data-provider="scenarios" finished-at="2025-03-27T16:32:26 CDT" duration-ms="4095" status="PASS">
          <params>
            <param index="0">
              <value>
                <![CDATA["Cleanup all the UserId Generated"]]>
              </value>
            </param>
            <param index="1">
              <value>
                <![CDATA["User Module Functionality"]]>
              </value>
            </param>
          </params>
          <reporter-output>
          </reporter-output>
        </test-method> <!-- runScenario -->
        <test-method signature="runScenario(io.cucumber.testng.PickleWrapper,io.cucumber.testng.FeatureWrapper)[pri:0, instance:testRunner.TestRunner@581ac8a8]" started-at="2025-03-27T16:32:26 CDT" name="runScenario" description="Runs Cucumber Scenarios" data-provider="scenarios" finished-at="2025-03-27T16:32:27 CDT" duration-ms="600" status="PASS">
          <params>
            <param index="0">
              <value>
                <![CDATA["Logout functionality with different values from Tese data"]]>
              </value>
            </param>
            <param index="1">
              <value>
                <![CDATA["Logout Functionality"]]>
              </value>
            </param>
          </params>
          <reporter-output>
          </reporter-output>
        </test-method> <!-- runScenario -->
        <test-method signature="runScenario(io.cucumber.testng.PickleWrapper,io.cucumber.testng.FeatureWrapper)[pri:0, instance:testRunner.TestRunner@581ac8a8]" started-at="2025-03-27T16:32:27 CDT" name="runScenario" description="Runs Cucumber Scenarios" data-provider="scenarios" finished-at="2025-03-27T16:32:28 CDT" duration-ms="518" status="PASS">
          <params>
            <param index="0">
              <value>
                <![CDATA["Validating valid logout"]]>
              </value>
            </param>
            <param index="1">
              <value>
                <![CDATA["Logout Functionality"]]>
              </value>
            </param>
          </params>
          <reporter-output>
          </reporter-output>
        </test-method> <!-- runScenario -->
        <test-method is-config="true" signature="tearDownClass()[pri:0, instance:testRunner.TestRunner@581ac8a8]" started-at="2025-03-27T16:32:28 CDT" name="tearDownClass" finished-at="2025-03-27T16:32:28 CDT" duration-ms="842" status="PASS">
          <reporter-output>
          </reporter-output>
        </test-method> <!-- tearDownClass -->
      </class> <!-- testRunner.TestRunner -->
    </test> <!-- Default test -->
  </suite> <!-- Default suite -->
</testng-results>
